2018-05-14 22:45:28,701  INFO DemoApplication:50 - Starting DemoApplication on 夏木瑾苏 with PID 5072 (started by 15764 in D:\Java learn\myblog)
2018-05-14 22:45:28,707  INFO DemoApplication:659 - No active profile set, falling back to default profiles: default
2018-05-14 22:45:28,813  INFO AnnotationConfigServletWebServerApplicationContext:590 - Refreshing org.springframework.boot.web.servlet.context.AnnotationConfigServletWebServerApplicationContext@4d2bc56a: startup date [Mon May 14 22:45:28 CST 2018]; root of context hierarchy
2018-05-14 22:45:31,221  INFO TomcatWebServer:91 - Tomcat initialized with port(s): 8080 (http)
2018-05-14 22:45:31,468  INFO Http11NioProtocol:180 - Initializing ProtocolHandler ["http-nio-8080"]
2018-05-14 22:45:31,482  INFO StandardService:180 - Starting service [Tomcat]
2018-05-14 22:45:31,484  INFO StandardEngine:180 - Starting Servlet Engine: Apache Tomcat/8.5.31
2018-05-14 22:45:31,491  INFO AprLifecycleListener:180 - The APR based Apache Tomcat Native library which allows optimal performance in production environments was not found on the java.library.path: [D:\jdk\1.8\bin;C:\WINDOWS\Sun\Java\bin;C:\WINDOWS\system32;C:\WINDOWS;C:\ProgramData\Oracle\Java\javapath;C:\Windows\system32;C:\Windows;C:\Windows\System32\Wbem;C:\Windows\System32\WindowsPowerShell\v1.0\;D:\go\bin;C:\Program Files (x86)\NVIDIA Corporation\PhysX\Common;D:\git\Git\cmd;C:\WINDOWS\system32;C:\WINDOWS;C:\WINDOWS\System32\Wbem;C:\WINDOWS\System32\WindowsPowerShell\v1.0\;C:\WINDOWS\System32\OpenSSH\;C:\Users\15764\AppData\Local\Microsoft\WindowsApps;C:\ide\Microsoft VS Code\bin;D:\go\bin;D:\pyhton\3.6.4\Scripts;D:\pyhton\3.6.4;;.]
2018-05-14 22:45:31,633  INFO [/]:180 - Initializing Spring embedded WebApplicationContext
2018-05-14 22:45:31,633  INFO ContextLoader:285 - Root WebApplicationContext: initialization completed in 2820 ms
2018-05-14 22:45:32,748  INFO FilterRegistrationBean:244 - Mapping filter: 'characterEncodingFilter' to: [/*]
2018-05-14 22:45:32,749  INFO FilterRegistrationBean:244 - Mapping filter: 'hiddenHttpMethodFilter' to: [/*]
2018-05-14 22:45:32,749  INFO FilterRegistrationBean:244 - Mapping filter: 'httpPutFormContentFilter' to: [/*]
2018-05-14 22:45:32,750  INFO FilterRegistrationBean:244 - Mapping filter: 'requestContextFilter' to: [/*]
2018-05-14 22:45:32,750  INFO FilterRegistrationBean:244 - Mapping filter: 'httpTraceFilter' to: [/*]
2018-05-14 22:45:32,750  INFO FilterRegistrationBean:257 - Mapping filter: 'sessionFilter' to urls: [/*]
2018-05-14 22:45:32,751  INFO FilterRegistrationBean:244 - Mapping filter: 'webMvcMetricsFilter' to: [/*]
2018-05-14 22:45:32,751  INFO ServletRegistrationBean:185 - Servlet dispatcherServlet mapped to [/]
2018-05-14 22:45:32,927  INFO SimpleUrlHandlerMapping:373 - Mapped URL path [/**/favicon.ico] onto handler of type [class org.springframework.web.servlet.resource.ResourceHttpRequestHandler]
2018-05-14 22:45:33,251  INFO RequestMappingHandlerAdapter:574 - Looking for @ControllerAdvice: org.springframework.boot.web.servlet.context.AnnotationConfigServletWebServerApplicationContext@4d2bc56a: startup date [Mon May 14 22:45:28 CST 2018]; root of context hierarchy
2018-05-14 22:45:33,355  INFO RequestMappingHandlerMapping:547 - Mapped "{[/index]}" onto public java.lang.String com.example.mybolg.demo.web.cotroller.IndexController.index()
2018-05-14 22:45:33,364  INFO RequestMappingHandlerMapping:547 - Mapped "{[/error]}" onto public org.springframework.http.ResponseEntity<java.util.Map<java.lang.String, java.lang.Object>> org.springframework.boot.autoconfigure.web.servlet.error.BasicErrorController.error(javax.servlet.http.HttpServletRequest)
2018-05-14 22:45:33,365  INFO RequestMappingHandlerMapping:547 - Mapped "{[/error],produces=[text/html]}" onto public org.springframework.web.servlet.ModelAndView org.springframework.boot.autoconfigure.web.servlet.error.BasicErrorController.errorHtml(javax.servlet.http.HttpServletRequest,javax.servlet.http.HttpServletResponse)
2018-05-14 22:45:33,407  INFO SimpleUrlHandlerMapping:373 - Mapped URL path [/webjars/**] onto handler of type [class org.springframework.web.servlet.resource.ResourceHttpRequestHandler]
2018-05-14 22:45:33,408  INFO SimpleUrlHandlerMapping:373 - Mapped URL path [/**] onto handler of type [class org.springframework.web.servlet.resource.ResourceHttpRequestHandler]
2018-05-14 22:45:33,558  INFO WelcomePageHandlerMapping:61 - Adding welcome page template: index
2018-05-14 22:45:33,967  INFO FreeMarkerConfigurer:131 - ClassTemplateLoader for Spring macros added to FreeMarker configuration
2018-05-14 22:45:34,093  INFO OptionalLiveReloadServer:57 - LiveReload server is running on port 35729
2018-05-14 22:45:34,115  INFO EndpointLinksResolver:59 - Exposing 2 endpoint(s) beneath base path '/actuator'
2018-05-14 22:45:34,138  INFO WebMvcEndpointHandlerMapping:547 - Mapped "{[/actuator/info],methods=[GET],produces=[application/vnd.spring-boot.actuator.v2+json || application/json]}" onto public java.lang.Object org.springframework.boot.actuate.endpoint.web.servlet.AbstractWebMvcEndpointHandlerMapping$OperationHandler.handle(javax.servlet.http.HttpServletRequest,java.util.Map<java.lang.String, java.lang.String>)
2018-05-14 22:45:34,140  INFO WebMvcEndpointHandlerMapping:547 - Mapped "{[/actuator/health],methods=[GET],produces=[application/vnd.spring-boot.actuator.v2+json || application/json]}" onto public java.lang.Object org.springframework.boot.actuate.endpoint.web.servlet.AbstractWebMvcEndpointHandlerMapping$OperationHandler.handle(javax.servlet.http.HttpServletRequest,java.util.Map<java.lang.String, java.lang.String>)
2018-05-14 22:45:34,141  INFO WebMvcEndpointHandlerMapping:547 - Mapped "{[/actuator],methods=[GET],produces=[application/vnd.spring-boot.actuator.v2+json || application/json]}" onto protected java.util.Map<java.lang.String, java.util.Map<java.lang.String, org.springframework.boot.actuate.endpoint.web.Link>> org.springframework.boot.actuate.endpoint.web.servlet.WebMvcEndpointHandlerMapping.links(javax.servlet.http.HttpServletRequest,javax.servlet.http.HttpServletResponse)
2018-05-14 22:45:34,224  INFO AnnotationMBeanExporter:433 - Registering beans for JMX exposure on startup
2018-05-14 22:45:34,272  INFO Http11NioProtocol:180 - Starting ProtocolHandler ["http-nio-8080"]
2018-05-14 22:45:34,295  INFO NioSelectorPool:180 - Using a shared selector for servlet write/read
2018-05-14 22:45:34,324  INFO TomcatWebServer:206 - Tomcat started on port(s): 8080 (http) with context path ''
2018-05-14 22:45:34,332  INFO DemoApplication:59 - Started DemoApplication in 6.814 seconds (JVM running for 13.484)
2018-05-14 22:45:35,080  INFO [/]:180 - Initializing Spring FrameworkServlet 'dispatcherServlet'
2018-05-14 22:45:35,080  INFO DispatcherServlet:494 - FrameworkServlet 'dispatcherServlet': initialization started
2018-05-14 22:45:35,105  INFO DispatcherServlet:509 - FrameworkServlet 'dispatcherServlet': initialization completed in 25 ms
